c:\users\user\documents\github\realvnc-4_1_3-winsrc\common\release\zlib\zlib.pdb
c:\users\user\documents\github\realvnc-4_1_3-winsrc\common\release\zlib\zutil.obj
c:\users\user\documents\github\realvnc-4_1_3-winsrc\common\release\zlib\uncompr.obj
c:\users\user\documents\github\realvnc-4_1_3-winsrc\common\release\zlib\trees.obj
c:\users\user\documents\github\realvnc-4_1_3-winsrc\common\release\zlib\infutil.obj
c:\users\user\documents\github\realvnc-4_1_3-winsrc\common\release\zlib\inftrees.obj
c:\users\user\documents\github\realvnc-4_1_3-winsrc\common\release\zlib\inflate.obj
c:\users\user\documents\github\realvnc-4_1_3-winsrc\common\release\zlib\inffast.obj
c:\users\user\documents\github\realvnc-4_1_3-winsrc\common\release\zlib\infcodes.obj
c:\users\user\documents\github\realvnc-4_1_3-winsrc\common\release\zlib\infblock.obj
c:\users\user\documents\github\realvnc-4_1_3-winsrc\common\release\zlib\gzio.obj
c:\users\user\documents\github\realvnc-4_1_3-winsrc\common\release\zlib\deflate.obj
c:\users\user\documents\github\realvnc-4_1_3-winsrc\common\release\zlib\crc32.obj
c:\users\user\documents\github\realvnc-4_1_3-winsrc\common\release\zlib\compress.obj
c:\users\user\documents\github\realvnc-4_1_3-winsrc\common\release\zlib\adler32.obj
c:\users\user\documents\github\realvnc-4_1_3-winsrc\common\release\zlib.lib
c:\users\user\documents\github\realvnc-4_1_3-winsrc\common\release\zlib\zlib.tlog\cl.command.1.tlog
c:\users\user\documents\github\realvnc-4_1_3-winsrc\common\release\zlib\zlib.tlog\cl.items.tlog
c:\users\user\documents\github\realvnc-4_1_3-winsrc\common\release\zlib\zlib.tlog\cl.read.1.tlog
c:\users\user\documents\github\realvnc-4_1_3-winsrc\common\release\zlib\zlib.tlog\cl.write.1.tlog
c:\users\user\documents\github\realvnc-4_1_3-winsrc\common\release\zlib\zlib.tlog\lib-link.read.1.tlog
c:\users\user\documents\github\realvnc-4_1_3-winsrc\common\release\zlib\zlib.tlog\lib-link.write.1.tlog
c:\users\user\documents\github\realvnc-4_1_3-winsrc\common\release\zlib\zlib.tlog\lib.command.1.tlog
