  TcpSocket.cxx
C:\Users\user\Documents\GitHub\realvnc-4_1_3-winsrc\common\rdr\Exception.h(33,9): warning C4996: 'strncat': This function or variable may be unsafe. Consider using strncat_s instead. To disable deprecation, use _CRT_SECURE_NO_WARNINGS. See online help for details.
C:\Users\user\Documents\GitHub\realvnc-4_1_3-winsrc\common\rdr\Exception.h(35,9): warning C4996: 'strcat': This function or variable may be unsafe. Consider using strcat_s instead. To disable deprecation, use _CRT_SECURE_NO_WARNINGS. See online help for details.
C:\Users\user\Documents\GitHub\realvnc-4_1_3-winsrc\common\network\TcpSocket.cxx(104,26): warning C4996: 'inet_addr': Use inet_pton() or InetPton() instead or define _WINSOCK_DEPRECATED_NO_WARNINGS to disable deprecated API warnings
C:\Users\user\Documents\GitHub\realvnc-4_1_3-winsrc\common\network\TcpSocket.cxx(109,16): warning C4996: 'gethostbyname': Use getaddrinfo() or GetAddrInfoW() instead or define _WINSOCK_DEPRECATED_NO_WARNINGS to disable deprecated API warnings
C:\Users\user\Documents\GitHub\realvnc-4_1_3-winsrc\common\network\TcpSocket.cxx(148,16): warning C4996: 'inet_ntoa': Use inet_ntop() or InetNtop() instead or define _WINSOCK_DEPRECATED_NO_WARNINGS to disable deprecated API warnings
C:\Users\user\Documents\GitHub\realvnc-4_1_3-winsrc\common\network\TcpSocket.cxx(166,3): warning C4996: 'sprintf': This function or variable may be unsafe. Consider using sprintf_s instead. To disable deprecation, use _CRT_SECURE_NO_WARNINGS. See online help for details.
C:\Users\user\Documents\GitHub\realvnc-4_1_3-winsrc\common\network\TcpSocket.cxx(178,16): warning C4996: 'inet_ntoa': Use inet_ntop() or InetNtop() instead or define _WINSOCK_DEPRECATED_NO_WARNINGS to disable deprecated API warnings
C:\Users\user\Documents\GitHub\realvnc-4_1_3-winsrc\common\network\TcpSocket.cxx(200,3): warning C4996: 'sprintf': This function or variable may be unsafe. Consider using sprintf_s instead. To disable deprecation, use _CRT_SECURE_NO_WARNINGS. See online help for details.
C:\Users\user\Documents\GitHub\realvnc-4_1_3-winsrc\common\network\TcpSocket.cxx(343,26): warning C4996: 'gethostbyname': Use getaddrinfo() or GetAddrInfoW() instead or define _WINSOCK_DEPRECATED_NO_WARNINGS to disable deprecated API warnings
C:\Users\user\Documents\GitHub\realvnc-4_1_3-winsrc\common\network\TcpSocket.cxx(349,25): warning C4996: 'inet_ntoa': Use inet_ntop() or InetNtop() instead or define _WINSOCK_DEPRECATED_NO_WARNINGS to disable deprecated API warnings
C:\Users\user\Documents\GitHub\realvnc-4_1_3-winsrc\common\network\TcpSocket.cxx(351,5): warning C4996: 'strcpy': This function or variable may be unsafe. Consider using strcpy_s instead. To disable deprecation, use _CRT_SECURE_NO_WARNINGS. See online help for details.
C:\Users\user\Documents\GitHub\realvnc-4_1_3-winsrc\common\network\TcpSocket.cxx(378,27): warning C4996: 'inet_addr': Use inet_pton() or InetPton() instead or define _WINSOCK_DEPRECATED_NO_WARNINGS to disable deprecated API warnings
C:\Users\user\Documents\GitHub\realvnc-4_1_3-winsrc\common\network\TcpSocket.cxx(419,22): warning C4996: 'inet_addr': Use inet_pton() or InetPton() instead or define _WINSOCK_DEPRECATED_NO_WARNINGS to disable deprecated API warnings
C:\Users\user\Documents\GitHub\realvnc-4_1_3-winsrc\common\network\TcpSocket.cxx(436,21): warning C4996: 'inet_addr': Use inet_pton() or InetPton() instead or define _WINSOCK_DEPRECATED_NO_WARNINGS to disable deprecated API warnings
C:\Users\user\Documents\GitHub\realvnc-4_1_3-winsrc\common\network\TcpSocket.cxx(453,26): warning C4996: 'inet_ntoa': Use inet_ntop() or InetNtop() instead or define _WINSOCK_DEPRECATED_NO_WARNINGS to disable deprecated API warnings
C:\Users\user\Documents\GitHub\realvnc-4_1_3-winsrc\common\network\TcpSocket.cxx(455,26): warning C4996: 'inet_ntoa': Use inet_ntop() or InetNtop() instead or define _WINSOCK_DEPRECATED_NO_WARNINGS to disable deprecated API warnings
C:\Users\user\Documents\GitHub\realvnc-4_1_3-winsrc\common\network\TcpSocket.cxx(463,3): warning C4996: 'strcat': This function or variable may be unsafe. Consider using strcat_s instead. To disable deprecation, use _CRT_SECURE_NO_WARNINGS. See online help for details.
C:\Users\user\Documents\GitHub\realvnc-4_1_3-winsrc\common\network\TcpSocket.cxx(464,3): warning C4996: 'strcat': This function or variable may be unsafe. Consider using strcat_s instead. To disable deprecation, use _CRT_SECURE_NO_WARNINGS. See online help for details.
C:\Users\user\Documents\GitHub\realvnc-4_1_3-winsrc\common\network\TcpSocket.cxx(465,3): warning C4996: 'strcat': This function or variable may be unsafe. Consider using strcat_s instead. To disable deprecation, use _CRT_SECURE_NO_WARNINGS. See online help for details.
  network.vcxproj -> C:\Users\user\Documents\GitHub\realvnc-4_1_3-winsrc\common\Release\network.lib
