c:\users\user\documents\github\realvnc-4_1_3-winsrc\common\release\rfb\rfb.pdb
c:\users\user\documents\github\realvnc-4_1_3-winsrc\common\release\rfb\logger.obj
c:\users\user\documents\github\realvnc-4_1_3-winsrc\common\release\rfb\keyremapper.obj
c:\users\user\documents\github\realvnc-4_1_3-winsrc\common\release\rfb\httpserver.obj
c:\users\user\documents\github\realvnc-4_1_3-winsrc\common\release\rfb\hextileencoder.obj
c:\users\user\documents\github\realvnc-4_1_3-winsrc\common\release\rfb\hextiledecoder.obj
c:\users\user\documents\github\realvnc-4_1_3-winsrc\common\release\rfb\encodings.obj
c:\users\user\documents\github\realvnc-4_1_3-winsrc\common\release\rfb\encoder.obj
c:\users\user\documents\github\realvnc-4_1_3-winsrc\common\release\rfb\decoder.obj
c:\users\user\documents\github\realvnc-4_1_3-winsrc\common\release\rfb\cursor.obj
c:\users\user\documents\github\realvnc-4_1_3-winsrc\common\release\rfb\csecurityvncauth.obj
c:\users\user\documents\github\realvnc-4_1_3-winsrc\common\release\rfb\connparams.obj
c:\users\user\documents\github\realvnc-4_1_3-winsrc\common\release\rfb\configuration.obj
c:\users\user\documents\github\realvnc-4_1_3-winsrc\common\release\rfb\comparingupdatetracker.obj
c:\users\user\documents\github\realvnc-4_1_3-winsrc\common\release\rfb\cmsgwriterv3.obj
c:\users\user\documents\github\realvnc-4_1_3-winsrc\common\release\rfb\cmsgwriter.obj
c:\users\user\documents\github\realvnc-4_1_3-winsrc\common\release\rfb\cmsgreaderv3.obj
c:\users\user\documents\github\realvnc-4_1_3-winsrc\common\release\rfb\cmsgreader.obj
c:\users\user\documents\github\realvnc-4_1_3-winsrc\common\release\rfb\cmsghandler.obj
c:\users\user\documents\github\realvnc-4_1_3-winsrc\common\release\rfb\cconnection.obj
c:\users\user\documents\github\realvnc-4_1_3-winsrc\common\release\rfb\blacklist.obj
c:\users\user\documents\github\realvnc-4_1_3-winsrc\common\release\rfb\ssecurityfactorystandard.obj
c:\users\user\documents\github\realvnc-4_1_3-winsrc\common\release\rfb\smsgwriterv3.obj
c:\users\user\documents\github\realvnc-4_1_3-winsrc\common\release\rfb\smsgwriter.obj
c:\users\user\documents\github\realvnc-4_1_3-winsrc\common\release\rfb\smsgreaderv3.obj
c:\users\user\documents\github\realvnc-4_1_3-winsrc\common\release\rfb\smsgreader.obj
c:\users\user\documents\github\realvnc-4_1_3-winsrc\common\release\rfb\smsghandler.obj
c:\users\user\documents\github\realvnc-4_1_3-winsrc\common\release\rfb\servercore.obj
c:\users\user\documents\github\realvnc-4_1_3-winsrc\common\release\rfb\sectypes.obj
c:\users\user\documents\github\realvnc-4_1_3-winsrc\common\release\rfb\sconnection.obj
c:\users\user\documents\github\realvnc-4_1_3-winsrc\common\release\rfb\rreencoder.obj
c:\users\user\documents\github\realvnc-4_1_3-winsrc\common\release\rfb\rredecoder.obj
c:\users\user\documents\github\realvnc-4_1_3-winsrc\common\release\rfb\region.obj
c:\users\user\documents\github\realvnc-4_1_3-winsrc\common\release\rfb\rawencoder.obj
c:\users\user\documents\github\realvnc-4_1_3-winsrc\common\release\rfb\rawdecoder.obj
c:\users\user\documents\github\realvnc-4_1_3-winsrc\common\release\rfb\pixelformat.obj
c:\users\user\documents\github\realvnc-4_1_3-winsrc\common\release\rfb\pixelbuffer.obj
c:\users\user\documents\github\realvnc-4_1_3-winsrc\common\release\rfb\password.obj
c:\users\user\documents\github\realvnc-4_1_3-winsrc\common\release\rfb\logwriter.obj
c:\users\user\documents\github\realvnc-4_1_3-winsrc\common\release\rfb\logger_stdio.obj
c:\users\user\documents\github\realvnc-4_1_3-winsrc\common\release\rfb\logger_file.obj
c:\users\user\documents\github\realvnc-4_1_3-winsrc\common\release\rfb\zrleencoder.obj
c:\users\user\documents\github\realvnc-4_1_3-winsrc\common\release\rfb\zrledecoder.obj
c:\users\user\documents\github\realvnc-4_1_3-winsrc\common\release\rfb\vncserverst.obj
c:\users\user\documents\github\realvnc-4_1_3-winsrc\common\release\rfb\vncsconnectionst.obj
c:\users\user\documents\github\realvnc-4_1_3-winsrc\common\release\rfb\util.obj
c:\users\user\documents\github\realvnc-4_1_3-winsrc\common\release\rfb\updatetracker.obj
c:\users\user\documents\github\realvnc-4_1_3-winsrc\common\release\rfb\transimagegetter.obj
c:\users\user\documents\github\realvnc-4_1_3-winsrc\common\release\rfb\ssecurityvncauth.obj
c:\users\user\documents\github\realvnc-4_1_3-winsrc\common\release\rfb\d3des.obj
c:\users\user\documents\github\realvnc-4_1_3-winsrc\common\release\rfb.lib
c:\users\user\documents\github\realvnc-4_1_3-winsrc\common\release\rfb\rfb.tlog\cl.command.1.tlog
c:\users\user\documents\github\realvnc-4_1_3-winsrc\common\release\rfb\rfb.tlog\cl.items.tlog
c:\users\user\documents\github\realvnc-4_1_3-winsrc\common\release\rfb\rfb.tlog\cl.read.1.tlog
c:\users\user\documents\github\realvnc-4_1_3-winsrc\common\release\rfb\rfb.tlog\cl.write.1.tlog
c:\users\user\documents\github\realvnc-4_1_3-winsrc\common\release\rfb\rfb.tlog\lib-link.read.1.tlog
c:\users\user\documents\github\realvnc-4_1_3-winsrc\common\release\rfb\rfb.tlog\lib-link.write.1.tlog
c:\users\user\documents\github\realvnc-4_1_3-winsrc\common\release\rfb\rfb.tlog\lib.command.1.tlog
