  Legacy.cxx
C:\Users\user\Documents\GitHub\realvnc-4_1_3-winsrc\common\rdr\Exception.h(33,9): warning C4996: 'strncat': This function or variable may be unsafe. Consider using strncat_s instead. To disable deprecation, use _CRT_SECURE_NO_WARNINGS. See online help for details.
C:\Users\user\Documents\GitHub\realvnc-4_1_3-winsrc\common\rdr\Exception.h(35,9): warning C4996: 'strcat': This function or variable may be unsafe. Consider using strcat_s instead. To disable deprecation, use _CRT_SECURE_NO_WARNINGS. See online help for details.
C:\Users\user\Documents\GitHub\realvnc-4_1_3-winsrc\win\rfb_win32\MsgBox.h(52,7): warning C4996: 'wcscpy': This function or variable may be unsafe. Consider using wcscpy_s instead. To disable deprecation, use _CRT_SECURE_NO_WARNINGS. See online help for details.
C:\Users\user\Documents\GitHub\realvnc-4_1_3-winsrc\win\rfb_win32\MsgBox.h(54,9): warning C4996: 'wcscat': This function or variable may be unsafe. Consider using wcscat_s instead. To disable deprecation, use _CRT_SECURE_NO_WARNINGS. See online help for details.
C:\Users\user\Documents\GitHub\realvnc-4_1_3-winsrc\win\rfb_win32\MsgBox.h(55,9): warning C4996: 'wcscat': This function or variable may be unsafe. Consider using wcscat_s instead. To disable deprecation, use _CRT_SECURE_NO_WARNINGS. See online help for details.
C:\Users\user\Documents\GitHub\realvnc-4_1_3-winsrc\win\vncconfig\Legacy.cxx(62,13): warning C4996: 'sprintf': This function or variable may be unsafe. Consider using sprintf_s instead. To disable deprecation, use _CRT_SECURE_NO_WARNINGS. See online help for details.
C:\Users\user\Documents\GitHub\realvnc-4_1_3-winsrc\win\vncconfig\Legacy.cxx(93,23): warning C4996: 'strcat': This function or variable may be unsafe. Consider using strcat_s instead. To disable deprecation, use _CRT_SECURE_NO_WARNINGS. See online help for details.
C:\Users\user\Documents\GitHub\realvnc-4_1_3-winsrc\win\vncconfig\Legacy.cxx(97,23): warning C4996: 'strcat': This function or variable may be unsafe. Consider using strcat_s instead. To disable deprecation, use _CRT_SECURE_NO_WARNINGS. See online help for details.
C:\Users\user\Documents\GitHub\realvnc-4_1_3-winsrc\win\vncconfig\Legacy.cxx(105,35): warning C4996: 'strcat': This function or variable may be unsafe. Consider using strcat_s instead. To disable deprecation, use _CRT_SECURE_NO_WARNINGS. See online help for details.
C:\Users\user\Documents\GitHub\realvnc-4_1_3-winsrc\win\vncconfig\Legacy.cxx(106,21): warning C4996: 'strcat': This function or variable may be unsafe. Consider using strcat_s instead. To disable deprecation, use _CRT_SECURE_NO_WARNINGS. See online help for details.
C:\Users\user\Documents\GitHub\realvnc-4_1_3-winsrc\win\vncconfig\Legacy.cxx(112,19): warning C4996: 'sprintf': This function or variable may be unsafe. Consider using sprintf_s instead. To disable deprecation, use _CRT_SECURE_NO_WARNINGS. See online help for details.
C:\Users\user\Documents\GitHub\realvnc-4_1_3-winsrc\win\vncconfig\Legacy.cxx(113,19): warning C4996: 'strcat': This function or variable may be unsafe. Consider using strcat_s instead. To disable deprecation, use _CRT_SECURE_NO_WARNINGS. See online help for details.
C:\Users\user\Documents\GitHub\realvnc-4_1_3-winsrc\win\vncconfig\Legacy.cxx(118,19): warning C4996: 'strcpy': This function or variable may be unsafe. Consider using strcpy_s instead. To disable deprecation, use _CRT_SECURE_NO_WARNINGS. See online help for details.
C:\Users\user\Documents\GitHub\realvnc-4_1_3-winsrc\win\vncconfig\Legacy.cxx(120,21): warning C4996: 'strcat': This function or variable may be unsafe. Consider using strcat_s instead. To disable deprecation, use _CRT_SECURE_NO_WARNINGS. See online help for details.
C:\Users\user\Documents\GitHub\realvnc-4_1_3-winsrc\win\vncconfig\Legacy.cxx(121,21): warning C4996: 'strcat': This function or variable may be unsafe. Consider using strcat_s instead. To disable deprecation, use _CRT_SECURE_NO_WARNINGS. See online help for details.
  PasswordDialog.cxx
C:\Users\user\Documents\GitHub\realvnc-4_1_3-winsrc\common\rdr\Exception.h(33,9): warning C4996: 'strncat': This function or variable may be unsafe. Consider using strncat_s instead. To disable deprecation, use _CRT_SECURE_NO_WARNINGS. See online help for details.
C:\Users\user\Documents\GitHub\realvnc-4_1_3-winsrc\common\rdr\Exception.h(35,9): warning C4996: 'strcat': This function or variable may be unsafe. Consider using strcat_s instead. To disable deprecation, use _CRT_SECURE_NO_WARNINGS. See online help for details.
C:\Users\user\Documents\GitHub\realvnc-4_1_3-winsrc\win\rfb_win32\MsgBox.h(52,7): warning C4996: 'wcscpy': This function or variable may be unsafe. Consider using wcscpy_s instead. To disable deprecation, use _CRT_SECURE_NO_WARNINGS. See online help for details.
C:\Users\user\Documents\GitHub\realvnc-4_1_3-winsrc\win\rfb_win32\MsgBox.h(54,9): warning C4996: 'wcscat': This function or variable may be unsafe. Consider using wcscat_s instead. To disable deprecation, use _CRT_SECURE_NO_WARNINGS. See online help for details.
C:\Users\user\Documents\GitHub\realvnc-4_1_3-winsrc\win\rfb_win32\MsgBox.h(55,9): warning C4996: 'wcscat': This function or variable may be unsafe. Consider using wcscat_s instead. To disable deprecation, use _CRT_SECURE_NO_WARNINGS. See online help for details.
  vncconfig.cxx
C:\Users\user\Documents\GitHub\realvnc-4_1_3-winsrc\common\rdr\Exception.h(33,9): warning C4996: 'strncat': This function or variable may be unsafe. Consider using strncat_s instead. To disable deprecation, use _CRT_SECURE_NO_WARNINGS. See online help for details.
C:\Users\user\Documents\GitHub\realvnc-4_1_3-winsrc\common\rdr\Exception.h(35,9): warning C4996: 'strcat': This function or variable may be unsafe. Consider using strcat_s instead. To disable deprecation, use _CRT_SECURE_NO_WARNINGS. See online help for details.
C:\Users\user\Documents\GitHub\realvnc-4_1_3-winsrc\win\rfb_win32\MsgBox.h(52,7): warning C4996: 'wcscpy': This function or variable may be unsafe. Consider using wcscpy_s instead. To disable deprecation, use _CRT_SECURE_NO_WARNINGS. See online help for details.
C:\Users\user\Documents\GitHub\realvnc-4_1_3-winsrc\win\rfb_win32\MsgBox.h(54,9): warning C4996: 'wcscat': This function or variable may be unsafe. Consider using wcscat_s instead. To disable deprecation, use _CRT_SECURE_NO_WARNINGS. See online help for details.
C:\Users\user\Documents\GitHub\realvnc-4_1_3-winsrc\win\rfb_win32\MsgBox.h(55,9): warning C4996: 'wcscat': This function or variable may be unsafe. Consider using wcscat_s instead. To disable deprecation, use _CRT_SECURE_NO_WARNINGS. See online help for details.
C:\Users\user\Documents\GitHub\realvnc-4_1_3-winsrc\win\vncconfig\Connections.h(74,9): warning C4996: 'wcscat': This function or variable may be unsafe. Consider using wcscat_s instead. To disable deprecation, use _CRT_SECURE_NO_WARNINGS. See online help for details.
C:\Users\user\Documents\GitHub\realvnc-4_1_3-winsrc\win\vncconfig\Connections.h(124,59): warning C4018: '<': signed/unsigned mismatch
C:\Users\user\Documents\GitHub\realvnc-4_1_3-winsrc\win\vncconfig\Desktop.h(36,31): warning C4996: 'stricmp': The POSIX name for this item is deprecated. Instead, use the ISO C and C++ conformant name: _stricmp. See online help for details.
C:\Users\user\Documents\GitHub\realvnc-4_1_3-winsrc\win\vncconfig\Desktop.h(37,33): warning C4996: 'stricmp': The POSIX name for this item is deprecated. Instead, use the ISO C and C++ conformant name: _stricmp. See online help for details.
C:\Users\user\Documents\GitHub\realvnc-4_1_3-winsrc\win\vncconfig\Desktop.h(63,33): warning C4996: 'stricmp': The POSIX name for this item is deprecated. Instead, use the ISO C and C++ conformant name: _stricmp. See online help for details.
C:\Users\user\Documents\GitHub\realvnc-4_1_3-winsrc\win\vncconfig\Desktop.h(64,35): warning C4996: 'stricmp': The POSIX name for this item is deprecated. Instead, use the ISO C and C++ conformant name: _stricmp. See online help for details.
C:\Users\user\Documents\GitHub\realvnc-4_1_3-winsrc\win\vncconfig\vncconfig.cxx(87,3): warning C4996: 'freopen': This function or variable may be unsafe. Consider using freopen_s instead. To disable deprecation, use _CRT_SECURE_NO_WARNINGS. See online help for details.
C:\Users\user\Documents\GitHub\realvnc-4_1_3-winsrc\win\vncconfig\vncconfig.cxx(88,3): warning C4996: 'freopen': This function or variable may be unsafe. Consider using freopen_s instead. To disable deprecation, use _CRT_SECURE_NO_WARNINGS. See online help for details.
C:\Users\user\Documents\GitHub\realvnc-4_1_3-winsrc\win\vncconfig\vncconfig.cxx(89,3): warning C4996: 'freopen': This function or variable may be unsafe. Consider using freopen_s instead. To disable deprecation, use _CRT_SECURE_NO_WARNINGS. See online help for details.
C:\Users\user\Documents\GitHub\realvnc-4_1_3-winsrc\win\vncconfig\vncconfig.cxx(90,3): warning C4996: 'setbuf': This function or variable may be unsafe. Consider using setvbuf instead. To disable deprecation, use _CRT_SECURE_NO_WARNINGS. See online help for details.
  Generating Code...
Legacy.obj : warning LNK4075: ignoring '/EDITANDCONTINUE' due to '/INCREMENTAL:NO' specification
LINK : fatal error LNK1181: cannot open input file 'C:\Users\user\Documents\GitHub\realvnc-4_1_3-winsrc\common\Debug_Unicode\network.lib'
